2019-06-24 15:59:08.624 [AWT-EventQueue-0] ERROR ProtegeApplication    Uncaught Exception in thread 'AWT-EventQueue-0'
java.lang.OutOfMemoryError: GC overhead limit exceeded
	at java.lang.ref.Finalizer.register(Finalizer.java:87) ~[na:1.8.0_40]
	at java.lang.Object.<init>(Object.java:37) ~[na:1.8.0_40]
	at org.openrdf.sail.helpers.SailConnectionBase.<init>(SailConnectionBase.java:138) ~[na:na]
	at org.openrdf.sail.helpers.NotifyingSailConnectionBase.<init>(NotifyingSailConnectionBase.java:48) ~[na:na]
	at org.openrdf.sail.memory.MemoryStoreConnection.<init>(MemoryStoreConnection.java:108) ~[na:na]
	at org.openrdf.sail.memory.MemoryStore.getConnectionInternal(MemoryStore.java:378) ~[na:na]
	at org.openrdf.sail.memory.MemoryStore.getConnectionInternal(MemoryStore.java:66) ~[na:na]
	at org.openrdf.sail.helpers.SailBase.getConnection(SailBase.java:253) ~[na:na]
	at org.openrdf.sail.helpers.NotifyingSailBase.getConnection(NotifyingSailBase.java:56) ~[na:na]
	at org.openrdf.sail.helpers.NotifyingSailBase.getConnection(NotifyingSailBase.java:37) ~[na:na]
	at org.openrdf.repository.sail.SailRepository.getConnection(SailRepository.java:151) ~[na:na]
	at org.openrdf.repository.sail.SailRepository.getConnection(SailRepository.java:58) ~[na:na]
	at org.protege.owl.rdf.impl.RDFTranslator.<init>(RDFTranslator.java:96) ~[na:na]
	at org.protege.owl.rdf.impl.RDFTranslator.translate(RDFTranslator.java:55) ~[na:na]
	at org.protege.owl.rdf.impl.OwlTripleStoreImpl.addAxiom(OwlTripleStoreImpl.java:99) ~[na:na]
	at org.protege.owl.rdf.Utilities.loadOwlTripleStore(Utilities.java:48) ~[na:na]
	at org.protege.owl.rdf.Utilities.getOwlTripleStore(Utilities.java:32) ~[na:na]
	at org.protege.editor.owl.rdf.repository.BasicSparqlReasoner.precalculate(BasicSparqlReasoner.java:54) ~[na:na]
	at org.protege.editor.owl.rdf.SparqlQueryView.initializeReasoner(SparqlQueryView.java:36) ~[na:na]
	at org.protege.editor.owl.rdf.SparqlQueryView.initialiseOWLView(SparqlQueryView.java:26) ~[na:na]
	at org.protege.editor.owl.ui.view.AbstractOWLViewComponent.initialise(AbstractOWLViewComponent.java:43) ~[na:na]
	at org.protege.editor.core.ui.view.View.createContent(View.java:413) ~[na:na]
	at org.protege.editor.core.ui.view.View.createUI(View.java:220) ~[na:na]
	at org.protege.editor.core.ui.view.View$1.hierarchyChanged(View.java:124) ~[na:na]
	at java.awt.Component.processHierarchyEvent(Component.java:6692) ~[na:1.8.0_40]
	at java.awt.Component.processEvent(Component.java:6311) ~[na:1.8.0_40]
	at java.awt.Container.processEvent(Container.java:2234) ~[na:1.8.0_40]
	at java.awt.Component.dispatchEventImpl(Component.java:4881) ~[na:1.8.0_40]
	at java.awt.Container.dispatchEventImpl(Container.java:2292) ~[na:1.8.0_40]
	at java.awt.Component.dispatchEvent(Component.java:4703) ~[na:1.8.0_40]
	at java.awt.Component.createHierarchyEvents(Component.java:5541) ~[na:1.8.0_40]
	at java.awt.Container.createHierarchyEvents(Container.java:1443) ~[na:1.8.0_40]
